%このファイルは日本語文字を含みます.
\BOOKMARK [0][-]{chapter.1}{\376\377\060\157\060\130\060\201\060\153}{}% 1
\BOOKMARK [0][-]{chapter.2}{\376\377\225\242\220\043\170\024\172\166}{}% 2
\BOOKMARK [1][-]{section.2.1}{\376\377\162\151\117\123\151\034\121\372\060\342\060\307\060\353}{chapter.2}% 3
\BOOKMARK [2][-]{subsection.2.1.1}{\376\377\000Y\000O\000L\000O\000-\000W\000o\000r\000l\000d}{section.2.1}% 4
\BOOKMARK [2][-]{subsection.2.1.2}{\376\377\000G\000L\000I\000P}{section.2.1}% 5
\BOOKMARK [2][-]{subsection.2.1.3}{\376\377\000G\000r\000o\000u\000n\000d\000i\000n\000g\000\040\000D\000I\000N\000O}{section.2.1}% 6
\BOOKMARK [2][-]{subsection.2.1.4}{\376\377\000O\000W\000L\000-\000V\000i\000T}{section.2.1}% 7
\BOOKMARK [2][-]{subsection.2.1.5}{\376\377\000D\000e\000t\000i\000c}{section.2.1}% 8
\BOOKMARK [2][-]{subsection.2.1.6}{\376\377\000R\000e\000g\000i\000o\000n\000C\000L\000I\000P}{section.2.1}% 9
\BOOKMARK [2][-]{subsection.2.1.7}{\376\377\000C\000L\000I\000P\000\040\060\150\225\213\145\076\212\236\137\131\060\156\127\372\166\344}{section.2.1}% 10
\BOOKMARK [1][-]{section.2.2}{\376\377\230\337\116\213\165\073\120\317\060\307\060\374\060\277\060\273\060\303\060\310}{chapter.2}% 11
\BOOKMARK [0][-]{chapter.3}{\376\377\143\320\150\110\142\113\154\325}{}% 12
\BOOKMARK [1][-]{section.3.1}{\376\377\212\055\212\010\145\271\221\335\060\150\151\313\142\020}{chapter.3}% 13
\BOOKMARK [1][-]{section.3.2}{\376\377\000Y\000O\000L\000O\000-\000W\000o\000r\000l\000d\060\156\220\113\165\050}{chapter.3}% 14
\BOOKMARK [2][-]{subsection.3.2.1}{\376\377\000A\000P\000I\060\250\060\363\060\311\060\335\060\244\060\363\060\310\060\156\151\202\211\201}{section.3.2}% 15
\BOOKMARK [1][-]{section.3.3}{\376\377\060\307\060\374\060\277\123\316\226\306\060\373\060\351\060\331\060\352\060\363\060\260\060\373\133\146\177\322}{chapter.3}% 16
\BOOKMARK [1][-]{section.3.4}{\376\377\000U\000I\060\325\060\355\060\374\377\010\060\271\060\336\060\333\116\055\137\303\377\011\060\150\144\315\117\134\117\213}{chapter.3}% 17
\BOOKMARK [1][-]{section.3.5}{\376\377\060\271\060\336\060\333\147\000\220\151\123\026\060\150\122\066\175\004}{chapter.3}% 18
\BOOKMARK [0][-]{chapter.4}{\376\377\212\236\137\131\166\173\223\062\060\156\060\177\060\147\060\156\151\034\121\372\142\020\172\313\140\047\060\156\151\034\212\074}{}% 19
\BOOKMARK [1][-]{section.4.1}{\376\377\166\356\166\204}{chapter.4}% 20
\BOOKMARK [1][-]{section.4.2}{\376\377\144\315\117\134\060\325\060\355\060\374\060\150\147\141\116\366}{chapter.4}% 21
\BOOKMARK [1][-]{section.4.3}{\376\377\212\125\117\241\212\055\133\232}{chapter.4}% 22
\BOOKMARK [1][-]{section.4.4}{\376\377\212\125\117\241\230\005\166\356}{chapter.4}% 23
\BOOKMARK [1][-]{section.4.5}{\376\377\060\261\060\374\060\271\060\271\060\277\060\307\060\243\377\010\000s\000m\000a\000r\000t\000p\000h\000o\000n\000e\377\011}{chapter.4}% 24
\BOOKMARK [1][-]{section.4.6}{\376\377\133\237\232\023\175\120\147\234\377\010\000s\000m\000a\000r\000t\000p\000h\000o\000n\000e\0001\0000\147\232\377\011}{chapter.4}% 25
\BOOKMARK [1][-]{section.4.7}{\376\377\060\242\060\326\060\354\060\374\060\267\060\347\060\363\377\032\000c\000o\000n\000f\000i\000d\000e\000n\000c\000e\225\276\120\044\060\156\137\161\227\377}{chapter.4}% 26
\BOOKMARK [1][-]{section.4.8}{\376\377\200\003\133\337\060\150\122\066\175\004}{chapter.4}% 27
\BOOKMARK [0][-]{chapter.5}{\376\377\142\113\122\325\060\351\060\331\060\352\060\363\060\260\060\150\060\325\060\241\060\244\060\363\060\301\060\345\060\374\060\313\060\363\060\260\060\153\060\210\060\213\151\034\121\372\142\020\172\313\140\047\060\156\151\034\212\074}{}% 28
\BOOKMARK [1][-]{section.5.1}{\376\377\166\356\166\204}{chapter.5}% 29
\BOOKMARK [1][-]{section.5.2}{\376\377\122\115\143\320\060\150\164\260\130\203}{chapter.5}% 30
\BOOKMARK [1][-]{section.5.3}{\376\377\142\113\230\006}{chapter.5}% 31
\BOOKMARK [1][-]{section.5.4}{\376\377\212\125\117\241\212\055\212\010}{chapter.5}% 32
\BOOKMARK [1][-]{section.5.5}{\376\377\133\237\210\305\116\012\060\156\211\201\160\271}{chapter.5}% 33
\BOOKMARK [1][-]{section.5.6}{\376\377\133\237\232\023\175\120\147\234}{chapter.5}% 34
\BOOKMARK [2][-]{subsection.5.6.1}{\376\377\133\237\232\023\212\055\133\232}{section.5.6}% 35
\BOOKMARK [2][-]{subsection.5.6.2}{\376\377\133\237\232\023\142\113\230\006}{section.5.6}% 36
\BOOKMARK [2][-]{subsection.5.6.3}{\376\377\133\146\177\322\175\120\147\234}{section.5.6}% 37
\BOOKMARK [2][-]{subsection.5.6.4}{\376\377\151\034\121\372\175\120\147\234}{section.5.6}% 38
\BOOKMARK [2][-]{subsection.5.6.5}{\376\377\200\003\133\337}{section.5.6}% 39
\BOOKMARK [1][-]{section.5.7}{\376\377\147\037\137\205\060\150\226\120\165\114}{chapter.5}% 40
\BOOKMARK [1][-]{section.5.8}{\376\377\116\312\137\214\060\156\145\071\125\204}{chapter.5}% 41
\BOOKMARK [0][-]{chapter.6}{\376\377\060\176\060\150\060\201}{}% 42
\BOOKMARK [1][-]{section.Alph0.1}{\376\377\133\237\232\023\172\357\147\053\060\156\212\163\175\060}{chapter.6}% 43
